[0.973s] Invoking command in '/home/readikole/ros2_ws/src/my_robot_controller': PYTHONPATH=/home/readikole/ros2_ws/src/build/my_robot_controller/prefix_override:/home/readikole/ros2_ws/src/install/my_robot_controller/lib/python3.10/site-packages:${PYTHONPATH} /usr/bin/python3 setup.py egg_info --egg-base ../build/my_robot_controller build --build-base /home/readikole/ros2_ws/src/build/my_robot_controller/build install --record /home/readikole/ros2_ws/src/build/my_robot_controller/install.log --single-version-externally-managed
[1.378s] running egg_info
[1.379s] creating ../build/my_robot_controller/my_robot_controller.egg-info
[1.379s] writing ../build/my_robot_controller/my_robot_controller.egg-info/PKG-INFO
[1.379s] writing dependency_links to ../build/my_robot_controller/my_robot_controller.egg-info/dependency_links.txt
[1.380s] writing entry points to ../build/my_robot_controller/my_robot_controller.egg-info/entry_points.txt
[1.380s] writing requirements to ../build/my_robot_controller/my_robot_controller.egg-info/requires.txt
[1.380s] writing top-level names to ../build/my_robot_controller/my_robot_controller.egg-info/top_level.txt
[1.380s] writing manifest file '../build/my_robot_controller/my_robot_controller.egg-info/SOURCES.txt'
[1.382s] reading manifest file '../build/my_robot_controller/my_robot_controller.egg-info/SOURCES.txt'
[1.383s] writing manifest file '../build/my_robot_controller/my_robot_controller.egg-info/SOURCES.txt'
[1.383s] running build
[1.383s] running build_py
[1.383s] creating /home/readikole/ros2_ws/src/build/my_robot_controller/build
[1.384s] creating /home/readikole/ros2_ws/src/build/my_robot_controller/build/lib
[1.384s] creating /home/readikole/ros2_ws/src/build/my_robot_controller/build/lib/my_robot_controller
[1.384s] copying my_robot_controller/my_first_node.py -> /home/readikole/ros2_ws/src/build/my_robot_controller/build/lib/my_robot_controller
[1.384s] copying my_robot_controller/__init__.py -> /home/readikole/ros2_ws/src/build/my_robot_controller/build/lib/my_robot_controller
[1.384s] running install
[1.385s] running install_lib
[1.385s] creating /home/readikole/ros2_ws/src/install/my_robot_controller/lib/python3.10/site-packages/my_robot_controller
[1.385s] copying /home/readikole/ros2_ws/src/build/my_robot_controller/build/lib/my_robot_controller/my_first_node.py -> /home/readikole/ros2_ws/src/install/my_robot_controller/lib/python3.10/site-packages/my_robot_controller
[1.385s] copying /home/readikole/ros2_ws/src/build/my_robot_controller/build/lib/my_robot_controller/__init__.py -> /home/readikole/ros2_ws/src/install/my_robot_controller/lib/python3.10/site-packages/my_robot_controller
[1.385s] byte-compiling /home/readikole/ros2_ws/src/install/my_robot_controller/lib/python3.10/site-packages/my_robot_controller/my_first_node.py to my_first_node.cpython-310.pyc
[1.386s] byte-compiling /home/readikole/ros2_ws/src/install/my_robot_controller/lib/python3.10/site-packages/my_robot_controller/__init__.py to __init__.cpython-310.pyc
[1.386s] running install_data
[1.387s] creating /home/readikole/ros2_ws/src/install/my_robot_controller/share/ament_index
[1.387s] creating /home/readikole/ros2_ws/src/install/my_robot_controller/share/ament_index/resource_index
[1.387s] creating /home/readikole/ros2_ws/src/install/my_robot_controller/share/ament_index/resource_index/packages
[1.387s] copying resource/my_robot_controller -> /home/readikole/ros2_ws/src/install/my_robot_controller/share/ament_index/resource_index/packages
[1.387s] copying package.xml -> /home/readikole/ros2_ws/src/install/my_robot_controller/share/my_robot_controller
[1.388s] running install_egg_info
[1.389s] Copying ../build/my_robot_controller/my_robot_controller.egg-info to /home/readikole/ros2_ws/src/install/my_robot_controller/lib/python3.10/site-packages/my_robot_controller-0.0.0-py3.10.egg-info
[1.390s] running install_scripts
[1.415s] Installing test_node script to /home/readikole/ros2_ws/src/install/my_robot_controller/lib/my_robot_controller
[1.415s] writing list of installed files to '/home/readikole/ros2_ws/src/build/my_robot_controller/install.log'
[1.441s] Invoked command in '/home/readikole/ros2_ws/src/my_robot_controller' returned '0': PYTHONPATH=/home/readikole/ros2_ws/src/build/my_robot_controller/prefix_override:/home/readikole/ros2_ws/src/install/my_robot_controller/lib/python3.10/site-packages:${PYTHONPATH} /usr/bin/python3 setup.py egg_info --egg-base ../build/my_robot_controller build --build-base /home/readikole/ros2_ws/src/build/my_robot_controller/build install --record /home/readikole/ros2_ws/src/build/my_robot_controller/install.log --single-version-externally-managed
