[0.961s] Invoking command in '/home/readikole/ros2_ws/src/my_robot_controller': PYTHONPATH=/home/readikole/ros2_ws/src/my_robot_controller/build/my_robot_controller/prefix_override:/home/readikole/ros2_ws/src/my_robot_controller/install/my_robot_controller/lib/python3.10/site-packages:${PYTHONPATH} /usr/bin/python3 setup.py egg_info --egg-base build/my_robot_controller build --build-base /home/readikole/ros2_ws/src/my_robot_controller/build/my_robot_controller/build install --record /home/readikole/ros2_ws/src/my_robot_controller/build/my_robot_controller/install.log --single-version-externally-managed
[1.363s] running egg_info
[1.363s] creating build/my_robot_controller/my_robot_controller.egg-info
[1.363s] writing build/my_robot_controller/my_robot_controller.egg-info/PKG-INFO
[1.364s] writing dependency_links to build/my_robot_controller/my_robot_controller.egg-info/dependency_links.txt
[1.364s] writing entry points to build/my_robot_controller/my_robot_controller.egg-info/entry_points.txt
[1.364s] writing requirements to build/my_robot_controller/my_robot_controller.egg-info/requires.txt
[1.364s] writing top-level names to build/my_robot_controller/my_robot_controller.egg-info/top_level.txt
[1.364s] writing manifest file 'build/my_robot_controller/my_robot_controller.egg-info/SOURCES.txt'
[1.366s] reading manifest file 'build/my_robot_controller/my_robot_controller.egg-info/SOURCES.txt'
[1.367s] writing manifest file 'build/my_robot_controller/my_robot_controller.egg-info/SOURCES.txt'
[1.367s] running build
[1.367s] running build_py
[1.368s] creating /home/readikole/ros2_ws/src/my_robot_controller/build/my_robot_controller/build
[1.368s] creating /home/readikole/ros2_ws/src/my_robot_controller/build/my_robot_controller/build/lib
[1.368s] creating /home/readikole/ros2_ws/src/my_robot_controller/build/my_robot_controller/build/lib/my_robot_controller
[1.368s] copying my_robot_controller/my_first_node.py -> /home/readikole/ros2_ws/src/my_robot_controller/build/my_robot_controller/build/lib/my_robot_controller
[1.368s] copying my_robot_controller/__init__.py -> /home/readikole/ros2_ws/src/my_robot_controller/build/my_robot_controller/build/lib/my_robot_controller
[1.368s] running install
[1.368s] running install_lib
[1.369s] creating /home/readikole/ros2_ws/src/my_robot_controller/install/my_robot_controller/lib/python3.10/site-packages/my_robot_controller
[1.369s] copying /home/readikole/ros2_ws/src/my_robot_controller/build/my_robot_controller/build/lib/my_robot_controller/my_first_node.py -> /home/readikole/ros2_ws/src/my_robot_controller/install/my_robot_controller/lib/python3.10/site-packages/my_robot_controller
[1.369s] copying /home/readikole/ros2_ws/src/my_robot_controller/build/my_robot_controller/build/lib/my_robot_controller/__init__.py -> /home/readikole/ros2_ws/src/my_robot_controller/install/my_robot_controller/lib/python3.10/site-packages/my_robot_controller
[1.370s] byte-compiling /home/readikole/ros2_ws/src/my_robot_controller/install/my_robot_controller/lib/python3.10/site-packages/my_robot_controller/my_first_node.py to my_first_node.cpython-310.pyc
[1.370s] byte-compiling /home/readikole/ros2_ws/src/my_robot_controller/install/my_robot_controller/lib/python3.10/site-packages/my_robot_controller/__init__.py to __init__.cpython-310.pyc
[1.370s] running install_data
[1.371s] creating /home/readikole/ros2_ws/src/my_robot_controller/install/my_robot_controller/share/ament_index
[1.371s] creating /home/readikole/ros2_ws/src/my_robot_controller/install/my_robot_controller/share/ament_index/resource_index
[1.371s] creating /home/readikole/ros2_ws/src/my_robot_controller/install/my_robot_controller/share/ament_index/resource_index/packages
[1.371s] copying resource/my_robot_controller -> /home/readikole/ros2_ws/src/my_robot_controller/install/my_robot_controller/share/ament_index/resource_index/packages
[1.372s] copying package.xml -> /home/readikole/ros2_ws/src/my_robot_controller/install/my_robot_controller/share/my_robot_controller
[1.372s] running install_egg_info
[1.373s] Copying build/my_robot_controller/my_robot_controller.egg-info to /home/readikole/ros2_ws/src/my_robot_controller/install/my_robot_controller/lib/python3.10/site-packages/my_robot_controller-0.0.0-py3.10.egg-info
[1.374s] running install_scripts
[1.397s] Installing test_node script to /home/readikole/ros2_ws/src/my_robot_controller/install/my_robot_controller/lib/my_robot_controller
[1.397s] writing list of installed files to '/home/readikole/ros2_ws/src/my_robot_controller/build/my_robot_controller/install.log'
[1.423s] Invoked command in '/home/readikole/ros2_ws/src/my_robot_controller' returned '0': PYTHONPATH=/home/readikole/ros2_ws/src/my_robot_controller/build/my_robot_controller/prefix_override:/home/readikole/ros2_ws/src/my_robot_controller/install/my_robot_controller/lib/python3.10/site-packages:${PYTHONPATH} /usr/bin/python3 setup.py egg_info --egg-base build/my_robot_controller build --build-base /home/readikole/ros2_ws/src/my_robot_controller/build/my_robot_controller/build install --record /home/readikole/ros2_ws/src/my_robot_controller/build/my_robot_controller/install.log --single-version-externally-managed
